#! /usr/bin/vvp
:ivl_version "10.3 (stable)";
:ivl_delay_selection "TYPICAL";
:vpi_time_precision + 0;
:vpi_module "system";
:vpi_module "vhdl_sys";
:vpi_module "v2005_math";
:vpi_module "va_math";
S_0x5584db485030 .scope module, "WRITE_BACK" "WRITE_BACK" 2 4;
 .timescale 0 0;
    .port_info 0 /INPUT 1 "clk"
    .port_info 1 /INPUT 1 "rst_n"
    .port_info 2 /INPUT 1 "start_init"
    .port_info 3 /INPUT 1 "p_filter_end"
    .port_info 4 /INPUT 25 "row0"
    .port_info 5 /INPUT 1 "row0_valid"
    .port_info 6 /INPUT 25 "row1"
    .port_info 7 /INPUT 1 "row1_valid"
    .port_info 8 /INPUT 25 "row2"
    .port_info 9 /INPUT 1 "row2_valid"
    .port_info 10 /INPUT 25 "row3"
    .port_info 11 /INPUT 1 "row3_valid"
    .port_info 12 /INPUT 25 "row4"
    .port_info 13 /INPUT 1 "row4_valid"
    .port_info 14 /OUTPUT 1 "p_write_zero0"
    .port_info 15 /OUTPUT 1 "p_write_zero1"
    .port_info 16 /OUTPUT 1 "p_write_zero2"
    .port_info 17 /OUTPUT 1 "p_write_zero3"
    .port_info 18 /OUTPUT 1 "p_write_zero4"
    .port_info 19 /OUTPUT 1 "p_init"
    .port_info 20 /OUTPUT 25 "out_port0"
    .port_info 21 /OUTPUT 25 "out_port1"
    .port_info 22 /OUTPUT 1 "port0_valid"
    .port_info 23 /OUTPUT 1 "port1_valid"
    .port_info 24 /OUTPUT 1 "start_conv"
    .port_info 25 /OUTPUT 1 "odd_cnt"
P_0x5584db4b9310 .param/l "CLEAR_0_1" 1 2 42, C4<0110>;
P_0x5584db4b9350 .param/l "CLEAR_2_3" 1 2 44, C4<1000>;
P_0x5584db4b9390 .param/l "CLEAR_CNT" 1 2 47, C4<1011>;
P_0x5584db4b93d0 .param/l "CLEAR_START_CONV" 1 2 46, C4<1010>;
P_0x5584db4b9410 .param/l "IDLE" 1 2 36, C4<0000>;
P_0x5584db4b9450 .param/l "INIT_BUFF" 1 2 37, C4<0001>;
P_0x5584db4b9490 .param/l "ROW_0_1" 1 2 41, C4<0101>;
P_0x5584db4b94d0 .param/l "ROW_2_3" 1 2 43, C4<0111>;
P_0x5584db4b9510 .param/l "ROW_5" 1 2 45, C4<1001>;
P_0x5584db4b9550 .param/l "START_CONV" 1 2 38, C4<0010>;
P_0x5584db4b9590 .param/l "WAIT_ADD" 1 2 39, C4<0011>;
P_0x5584db4b95d0 .param/l "WAIT_WRITE0" 1 2 40, C4<0100>;
P_0x5584db4b9610 .param/l "data_width" 0 2 5, +C4<00000000000000000000000000011001>;
P_0x5584db4b9650 .param/l "depth" 0 2 6, +C4<00000000000000000000000000111101>;
L_0x5584db4bee50 .functor BUFZ 1, v0x5584db4f3fe0_0, C4<0>, C4<0>, C4<0>;
L_0x5584db4bf030 .functor BUFZ 1, v0x5584db4b5ac0_0, C4<0>, C4<0>, C4<0>;
L_0x5584db4bf210 .functor BUFZ 1, v0x5584db4f27a0_0, C4<0>, C4<0>, C4<0>;
L_0x5584db4beb80 .functor BUFZ 1, v0x5584db4f2920_0, C4<0>, C4<0>, C4<0>;
L_0x5584db4bec70 .functor BUFZ 1, v0x5584db4f2aa0_0, C4<0>, C4<0>, C4<0>;
L_0x5584db4bed60 .functor BUFZ 1, v0x5584db4f2d30_0, C4<0>, C4<0>, C4<0>;
L_0x5584db4b6c90 .functor BUFZ 1, v0x5584db4f2eb0_0, C4<0>, C4<0>, C4<0>;
L_0x5584db4f4730 .functor BUFZ 1, v0x5584db4f2620_0, C4<0>, C4<0>, C4<0>;
L_0x5584db4f4850 .functor BUFZ 25, v0x5584db4b6950_0, C4<0000000000000000000000000>, C4<0000000000000000000000000>, C4<0000000000000000000000000>;
L_0x5584db4f4920 .functor BUFZ 25, v0x5584db4f23c0_0, C4<0000000000000000000000000>, C4<0000000000000000000000000>, C4<0000000000000000000000000>;
L_0x5584db4f4a50 .functor BUFZ 1, v0x5584db4f3030_0, C4<0>, C4<0>, C4<0>;
L_0x5584db4f4b20 .functor BUFZ 1, v0x5584db4f31b0_0, C4<0>, C4<0>, C4<0>;
o0x7fb287659018 .functor BUFZ 1, C4<z>; HiZ drive
v0x5584db4b49c0_0 .net "clk", 0 0, o0x7fb287659018;  0 drivers
v0x5584db4b5250_0 .var "cnt", 7 0;
v0x5584db4b52f0_0 .net "odd_cnt", 0 0, L_0x5584db4bf030;  1 drivers
v0x5584db4b5ac0_0 .var "odd_cnt_r", 0 0;
v0x5584db4b5b90_0 .net "out_port0", 24 0, L_0x5584db4f4850;  1 drivers
v0x5584db4b6950_0 .var "out_port0_r", 24 0;
v0x5584db4b69f0_0 .net "out_port1", 24 0, L_0x5584db4f4920;  1 drivers
v0x5584db4f23c0_0 .var "out_port1_r", 24 0;
o0x7fb287659198 .functor BUFZ 1, C4<z>; HiZ drive
v0x5584db4f24a0_0 .net "p_filter_end", 0 0, o0x7fb287659198;  0 drivers
v0x5584db4f2560_0 .net "p_init", 0 0, L_0x5584db4f4730;  1 drivers
v0x5584db4f2620_0 .var "p_init_r", 0 0;
v0x5584db4f26e0_0 .net "p_write_zero0", 0 0, L_0x5584db4bf210;  1 drivers
v0x5584db4f27a0_0 .var "p_write_zero0_r", 0 0;
v0x5584db4f2860_0 .net "p_write_zero1", 0 0, L_0x5584db4beb80;  1 drivers
v0x5584db4f2920_0 .var "p_write_zero1_r", 0 0;
v0x5584db4f29e0_0 .net "p_write_zero2", 0 0, L_0x5584db4bec70;  1 drivers
v0x5584db4f2aa0_0 .var "p_write_zero2_r", 0 0;
v0x5584db4f2c70_0 .net "p_write_zero3", 0 0, L_0x5584db4bed60;  1 drivers
v0x5584db4f2d30_0 .var "p_write_zero3_r", 0 0;
v0x5584db4f2df0_0 .net "p_write_zero4", 0 0, L_0x5584db4b6c90;  1 drivers
v0x5584db4f2eb0_0 .var "p_write_zero4_r", 0 0;
v0x5584db4f2f70_0 .net "port0_valid", 0 0, L_0x5584db4f4a50;  1 drivers
v0x5584db4f3030_0 .var "port0_valid_r", 0 0;
v0x5584db4f30f0_0 .net "port1_valid", 0 0, L_0x5584db4f4b20;  1 drivers
v0x5584db4f31b0_0 .var "port1_valid_r", 0 0;
o0x7fb2876594c8 .functor BUFZ 25, C4<zzzzzzzzzzzzzzzzzzzzzzzzz>; HiZ drive
v0x5584db4f3270_0 .net "row0", 24 0, o0x7fb2876594c8;  0 drivers
o0x7fb2876594f8 .functor BUFZ 1, C4<z>; HiZ drive
v0x5584db4f3350_0 .net "row0_valid", 0 0, o0x7fb2876594f8;  0 drivers
o0x7fb287659528 .functor BUFZ 25, C4<zzzzzzzzzzzzzzzzzzzzzzzzz>; HiZ drive
v0x5584db4f3410_0 .net "row1", 24 0, o0x7fb287659528;  0 drivers
o0x7fb287659558 .functor BUFZ 1, C4<z>; HiZ drive
v0x5584db4f34f0_0 .net "row1_valid", 0 0, o0x7fb287659558;  0 drivers
o0x7fb287659588 .functor BUFZ 25, C4<zzzzzzzzzzzzzzzzzzzzzzzzz>; HiZ drive
v0x5584db4f35b0_0 .net "row2", 24 0, o0x7fb287659588;  0 drivers
o0x7fb2876595b8 .functor BUFZ 1, C4<z>; HiZ drive
v0x5584db4f3690_0 .net "row2_valid", 0 0, o0x7fb2876595b8;  0 drivers
o0x7fb2876595e8 .functor BUFZ 25, C4<zzzzzzzzzzzzzzzzzzzzzzzzz>; HiZ drive
v0x5584db4f3750_0 .net "row3", 24 0, o0x7fb2876595e8;  0 drivers
o0x7fb287659618 .functor BUFZ 1, C4<z>; HiZ drive
v0x5584db4f3830_0 .net "row3_valid", 0 0, o0x7fb287659618;  0 drivers
o0x7fb287659648 .functor BUFZ 25, C4<zzzzzzzzzzzzzzzzzzzzzzzzz>; HiZ drive
v0x5584db4f3b00_0 .net "row4", 24 0, o0x7fb287659648;  0 drivers
o0x7fb287659678 .functor BUFZ 1, C4<z>; HiZ drive
v0x5584db4f3be0_0 .net "row4_valid", 0 0, o0x7fb287659678;  0 drivers
o0x7fb2876596a8 .functor BUFZ 1, C4<z>; HiZ drive
v0x5584db4f3ca0_0 .net "rst_n", 0 0, o0x7fb2876596a8;  0 drivers
v0x5584db4f3d60_0 .var "st_cur", 3 0;
v0x5584db4f3e40_0 .var "st_next", 3 0;
v0x5584db4f3f20_0 .net "start_conv", 0 0, L_0x5584db4bee50;  1 drivers
v0x5584db4f3fe0_0 .var "start_conv_r", 0 0;
o0x7fb287659798 .functor BUFZ 1, C4<z>; HiZ drive
v0x5584db4f40a0_0 .net "start_init", 0 0, o0x7fb287659798;  0 drivers
E_0x5584db4bf660/0 .event negedge, v0x5584db4f3ca0_0;
E_0x5584db4bf660/1 .event posedge, v0x5584db4b49c0_0;
E_0x5584db4bf660 .event/or E_0x5584db4bf660/0, E_0x5584db4bf660/1;
E_0x5584db4be5a0 .event edge, v0x5584db4f3d60_0, v0x5584db4f40a0_0, v0x5584db4b5250_0, v0x5584db4f24a0_0;
    .scope S_0x5584db485030;
T_0 ;
    %wait E_0x5584db4bf660;
    %load/vec4 v0x5584db4f3ca0_0;
    %nor/r;
    %flag_set/vec4 8;
    %jmp/0xz  T_0.0, 8;
    %pushi/vec4 0, 0, 4;
    %assign/vec4 v0x5584db4f3d60_0, 0;
    %jmp T_0.1;
T_0.0 ;
    %load/vec4 v0x5584db4f3e40_0;
    %assign/vec4 v0x5584db4f3d60_0, 0;
T_0.1 ;
    %jmp T_0;
    .thread T_0;
    .scope S_0x5584db485030;
T_1 ;
    %wait E_0x5584db4be5a0;
    %load/vec4 v0x5584db4f3d60_0;
    %store/vec4 v0x5584db4f3e40_0, 0, 4;
    %load/vec4 v0x5584db4f3d60_0;
    %dup/vec4;
    %pushi/vec4 0, 0, 4;
    %cmp/u;
    %jmp/1 T_1.0, 6;
    %dup/vec4;
    %pushi/vec4 1, 0, 4;
    %cmp/u;
    %jmp/1 T_1.1, 6;
    %dup/vec4;
    %pushi/vec4 2, 0, 4;
    %cmp/u;
    %jmp/1 T_1.2, 6;
    %dup/vec4;
    %pushi/vec4 10, 0, 4;
    %cmp/u;
    %jmp/1 T_1.3, 6;
    %dup/vec4;
    %pushi/vec4 3, 0, 4;
    %cmp/u;
    %jmp/1 T_1.4, 6;
    %dup/vec4;
    %pushi/vec4 4, 0, 4;
    %cmp/u;
    %jmp/1 T_1.5, 6;
    %dup/vec4;
    %pushi/vec4 11, 0, 4;
    %cmp/u;
    %jmp/1 T_1.6, 6;
    %dup/vec4;
    %pushi/vec4 5, 0, 4;
    %cmp/u;
    %jmp/1 T_1.7, 6;
    %dup/vec4;
    %pushi/vec4 6, 0, 4;
    %cmp/u;
    %jmp/1 T_1.8, 6;
    %dup/vec4;
    %pushi/vec4 7, 0, 4;
    %cmp/u;
    %jmp/1 T_1.9, 6;
    %dup/vec4;
    %pushi/vec4 8, 0, 4;
    %cmp/u;
    %jmp/1 T_1.10, 6;
    %dup/vec4;
    %pushi/vec4 9, 0, 4;
    %cmp/u;
    %jmp/1 T_1.11, 6;
    %pushi/vec4 0, 0, 4;
    %store/vec4 v0x5584db4f3e40_0, 0, 4;
    %jmp T_1.13;
T_1.0 ;
    %load/vec4 v0x5584db4f40a0_0;
    %flag_set/vec4 8;
    %jmp/0xz  T_1.14, 8;
    %pushi/vec4 1, 0, 4;
    %store/vec4 v0x5584db4f3e40_0, 0, 4;
    %jmp T_1.15;
T_1.14 ;
    %pushi/vec4 0, 0, 4;
    %store/vec4 v0x5584db4f3e40_0, 0, 4;
T_1.15 ;
    %jmp T_1.13;
T_1.1 ;
    %load/vec4 v0x5584db4b5250_0;
    %pad/u 32;
    %cmpi/e 60, 0, 32;
    %jmp/0xz  T_1.16, 4;
    %pushi/vec4 2, 0, 4;
    %store/vec4 v0x5584db4f3e40_0, 0, 4;
    %jmp T_1.17;
T_1.16 ;
    %pushi/vec4 1, 0, 4;
    %store/vec4 v0x5584db4f3e40_0, 0, 4;
T_1.17 ;
    %jmp T_1.13;
T_1.2 ;
    %pushi/vec4 63, 0, 32;
    %load/vec4 v0x5584db4b5250_0;
    %pad/u 32;
    %cmp/u;
    %flag_or 5, 4;
    %jmp/0xz  T_1.18, 5;
    %pushi/vec4 10, 0, 4;
    %store/vec4 v0x5584db4f3e40_0, 0, 4;
    %jmp T_1.19;
T_1.18 ;
    %pushi/vec4 2, 0, 4;
    %store/vec4 v0x5584db4f3e40_0, 0, 4;
T_1.19 ;
    %jmp T_1.13;
T_1.3 ;
    %load/vec4 v0x5584db4f24a0_0;
    %flag_set/vec4 8;
    %jmp/0xz  T_1.20, 8;
    %pushi/vec4 3, 0, 4;
    %store/vec4 v0x5584db4f3e40_0, 0, 4;
    %jmp T_1.21;
T_1.20 ;
    %pushi/vec4 10, 0, 4;
    %store/vec4 v0x5584db4f3e40_0, 0, 4;
T_1.21 ;
    %jmp T_1.13;
T_1.4 ;
    %load/vec4 v0x5584db4b5250_0;
    %pad/u 32;
    %cmpi/e 60, 0, 32;
    %jmp/0xz  T_1.22, 4;
    %pushi/vec4 4, 0, 4;
    %store/vec4 v0x5584db4f3e40_0, 0, 4;
    %jmp T_1.23;
T_1.22 ;
    %pushi/vec4 3, 0, 4;
    %store/vec4 v0x5584db4f3e40_0, 0, 4;
T_1.23 ;
    %jmp T_1.13;
T_1.5 ;
    %pushi/vec4 11, 0, 4;
    %store/vec4 v0x5584db4f3e40_0, 0, 4;
    %jmp T_1.13;
T_1.6 ;
    %pushi/vec4 5, 0, 4;
    %store/vec4 v0x5584db4f3e40_0, 0, 4;
    %jmp T_1.13;
T_1.7 ;
    %load/vec4 v0x5584db4b5250_0;
    %pad/u 32;
    %cmpi/e 60, 0, 32;
    %jmp/0xz  T_1.24, 4;
    %pushi/vec4 6, 0, 4;
    %store/vec4 v0x5584db4f3e40_0, 0, 4;
    %jmp T_1.25;
T_1.24 ;
    %pushi/vec4 5, 0, 4;
    %store/vec4 v0x5584db4f3e40_0, 0, 4;
T_1.25 ;
    %jmp T_1.13;
T_1.8 ;
    %pushi/vec4 7, 0, 4;
    %store/vec4 v0x5584db4f3e40_0, 0, 4;
    %jmp T_1.13;
T_1.9 ;
    %load/vec4 v0x5584db4b5250_0;
    %pad/u 32;
    %cmpi/e 60, 0, 32;
    %jmp/0xz  T_1.26, 4;
    %pushi/vec4 8, 0, 4;
    %store/vec4 v0x5584db4f3e40_0, 0, 4;
    %jmp T_1.27;
T_1.26 ;
    %pushi/vec4 7, 0, 4;
    %store/vec4 v0x5584db4f3e40_0, 0, 4;
T_1.27 ;
    %jmp T_1.13;
T_1.10 ;
    %pushi/vec4 9, 0, 4;
    %store/vec4 v0x5584db4f3e40_0, 0, 4;
    %jmp T_1.13;
T_1.11 ;
    %load/vec4 v0x5584db4b5250_0;
    %pad/u 32;
    %cmpi/e 60, 0, 32;
    %jmp/0xz  T_1.28, 4;
    %pushi/vec4 10, 0, 4;
    %store/vec4 v0x5584db4f3e40_0, 0, 4;
    %jmp T_1.29;
T_1.28 ;
    %pushi/vec4 9, 0, 4;
    %store/vec4 v0x5584db4f3e40_0, 0, 4;
T_1.29 ;
    %jmp T_1.13;
T_1.13 ;
    %pop/vec4 1;
    %jmp T_1;
    .thread T_1, $push;
    .scope S_0x5584db485030;
T_2 ;
    %wait E_0x5584db4bf660;
    %load/vec4 v0x5584db4f3ca0_0;
    %nor/r;
    %flag_set/vec4 8;
    %jmp/0xz  T_2.0, 8;
    %pushi/vec4 0, 0, 1;
    %assign/vec4 v0x5584db4f3fe0_0, 0;
    %jmp T_2.1;
T_2.0 ;
    %load/vec4 v0x5584db4f3d60_0;
    %cmpi/e 2, 0, 4;
    %flag_mov 8, 4;
    %load/vec4 v0x5584db4f3d60_0;
    %cmpi/e 11, 0, 4;
    %flag_or 4, 8;
    %jmp/0xz  T_2.2, 4;
    %pushi/vec4 1, 0, 1;
    %assign/vec4 v0x5584db4f3fe0_0, 0;
    %jmp T_2.3;
T_2.2 ;
    %pushi/vec4 0, 0, 1;
    %assign/vec4 v0x5584db4f3fe0_0, 0;
T_2.3 ;
T_2.1 ;
    %jmp T_2;
    .thread T_2;
    .scope S_0x5584db485030;
T_3 ;
    %wait E_0x5584db4bf660;
    %load/vec4 v0x5584db4f3ca0_0;
    %nor/r;
    %flag_set/vec4 8;
    %jmp/0xz  T_3.0, 8;
    %pushi/vec4 0, 0, 1;
    %assign/vec4 v0x5584db4b5ac0_0, 0;
    %jmp T_3.1;
T_3.0 ;
    %load/vec4 v0x5584db4f3d60_0;
    %cmpi/e 11, 0, 4;
    %jmp/0xz  T_3.2, 4;
    %load/vec4 v0x5584db4b52f0_0;
    %inv;
    %assign/vec4 v0x5584db4b5ac0_0, 0;
    %jmp T_3.3;
T_3.2 ;
    %load/vec4 v0x5584db4b52f0_0;
    %assign/vec4 v0x5584db4b5ac0_0, 0;
T_3.3 ;
T_3.1 ;
    %jmp T_3;
    .thread T_3;
    .scope S_0x5584db485030;
T_4 ;
    %wait E_0x5584db4bf660;
    %load/vec4 v0x5584db4f3ca0_0;
    %nor/r;
    %flag_set/vec4 8;
    %jmp/0xz  T_4.0, 8;
    %pushi/vec4 0, 0, 1;
    %assign/vec4 v0x5584db4f27a0_0, 0;
    %pushi/vec4 0, 0, 1;
    %assign/vec4 v0x5584db4f2920_0, 0;
    %jmp T_4.1;
T_4.0 ;
    %load/vec4 v0x5584db4f3d60_0;
    %cmpi/e 5, 0, 4;
    %jmp/0xz  T_4.2, 4;
    %pushi/vec4 1, 0, 1;
    %assign/vec4 v0x5584db4f27a0_0, 0;
    %pushi/vec4 1, 0, 1;
    %assign/vec4 v0x5584db4f2920_0, 0;
    %jmp T_4.3;
T_4.2 ;
    %pushi/vec4 0, 0, 1;
    %assign/vec4 v0x5584db4f27a0_0, 0;
    %pushi/vec4 0, 0, 1;
    %assign/vec4 v0x5584db4f2920_0, 0;
T_4.3 ;
T_4.1 ;
    %jmp T_4;
    .thread T_4;
    .scope S_0x5584db485030;
T_5 ;
    %wait E_0x5584db4bf660;
    %load/vec4 v0x5584db4f3ca0_0;
    %nor/r;
    %flag_set/vec4 8;
    %jmp/0xz  T_5.0, 8;
    %pushi/vec4 0, 0, 1;
    %assign/vec4 v0x5584db4f2aa0_0, 0;
    %pushi/vec4 0, 0, 1;
    %assign/vec4 v0x5584db4f2d30_0, 0;
    %jmp T_5.1;
T_5.0 ;
    %load/vec4 v0x5584db4f3d60_0;
    %cmpi/e 7, 0, 4;
    %jmp/0xz  T_5.2, 4;
    %pushi/vec4 1, 0, 1;
    %assign/vec4 v0x5584db4f2aa0_0, 0;
    %pushi/vec4 1, 0, 1;
    %assign/vec4 v0x5584db4f2d30_0, 0;
    %jmp T_5.3;
T_5.2 ;
    %pushi/vec4 0, 0, 1;
    %assign/vec4 v0x5584db4f2aa0_0, 0;
    %pushi/vec4 0, 0, 1;
    %assign/vec4 v0x5584db4f2d30_0, 0;
T_5.3 ;
T_5.1 ;
    %jmp T_5;
    .thread T_5;
    .scope S_0x5584db485030;
T_6 ;
    %wait E_0x5584db4bf660;
    %load/vec4 v0x5584db4f3ca0_0;
    %nor/r;
    %flag_set/vec4 8;
    %jmp/0xz  T_6.0, 8;
    %pushi/vec4 0, 0, 1;
    %assign/vec4 v0x5584db4f2eb0_0, 0;
    %jmp T_6.1;
T_6.0 ;
    %load/vec4 v0x5584db4f3d60_0;
    %cmpi/e 9, 0, 4;
    %jmp/0xz  T_6.2, 4;
    %pushi/vec4 1, 0, 1;
    %assign/vec4 v0x5584db4f2eb0_0, 0;
    %jmp T_6.3;
T_6.2 ;
    %pushi/vec4 0, 0, 1;
    %assign/vec4 v0x5584db4f2eb0_0, 0;
T_6.3 ;
T_6.1 ;
    %jmp T_6;
    .thread T_6;
    .scope S_0x5584db485030;
T_7 ;
    %wait E_0x5584db4bf660;
    %load/vec4 v0x5584db4f3ca0_0;
    %nor/r;
    %flag_set/vec4 8;
    %jmp/0xz  T_7.0, 8;
    %pushi/vec4 0, 0, 1;
    %assign/vec4 v0x5584db4f2620_0, 0;
    %jmp T_7.1;
T_7.0 ;
    %load/vec4 v0x5584db4f3d60_0;
    %cmpi/e 1, 0, 4;
    %jmp/0xz  T_7.2, 4;
    %pushi/vec4 1, 0, 1;
    %assign/vec4 v0x5584db4f2620_0, 0;
    %jmp T_7.3;
T_7.2 ;
    %pushi/vec4 0, 0, 1;
    %assign/vec4 v0x5584db4f2620_0, 0;
T_7.3 ;
T_7.1 ;
    %jmp T_7;
    .thread T_7;
    .scope S_0x5584db485030;
T_8 ;
    %wait E_0x5584db4bf660;
    %load/vec4 v0x5584db4f3ca0_0;
    %nor/r;
    %flag_set/vec4 8;
    %jmp/0xz  T_8.0, 8;
    %pushi/vec4 0, 0, 8;
    %assign/vec4 v0x5584db4b5250_0, 0;
    %jmp T_8.1;
T_8.0 ;
    %load/vec4 v0x5584db4f3d60_0;
    %cmpi/e 0, 0, 4;
    %flag_mov 8, 4;
    %load/vec4 v0x5584db4f3d60_0;
    %cmpi/e 6, 0, 4;
    %flag_or 4, 8;
    %flag_mov 8, 4;
    %load/vec4 v0x5584db4f3d60_0;
    %cmpi/e 10, 0, 4;
    %flag_or 4, 8;
    %flag_mov 8, 4;
    %load/vec4 v0x5584db4f3d60_0;
    %cmpi/e 8, 0, 4;
    %flag_or 4, 8;
    %flag_mov 8, 4;
    %load/vec4 v0x5584db4f3d60_0;
    %cmpi/e 11, 0, 4;
    %flag_or 4, 8;
    %jmp/0xz  T_8.2, 4;
    %pushi/vec4 0, 0, 8;
    %assign/vec4 v0x5584db4b5250_0, 0;
    %jmp T_8.3;
T_8.2 ;
    %load/vec4 v0x5584db4b5250_0;
    %addi 1, 0, 8;
    %assign/vec4 v0x5584db4b5250_0, 0;
T_8.3 ;
T_8.1 ;
    %jmp T_8;
    .thread T_8;
    .scope S_0x5584db485030;
T_9 ;
    %wait E_0x5584db4bf660;
    %load/vec4 v0x5584db4f3ca0_0;
    %nor/r;
    %flag_set/vec4 8;
    %jmp/0xz  T_9.0, 8;
    %pushi/vec4 0, 0, 25;
    %assign/vec4 v0x5584db4b6950_0, 0;
    %pushi/vec4 0, 0, 25;
    %assign/vec4 v0x5584db4f23c0_0, 0;
    %pushi/vec4 0, 0, 1;
    %assign/vec4 v0x5584db4f3030_0, 0;
    %pushi/vec4 0, 0, 1;
    %assign/vec4 v0x5584db4f31b0_0, 0;
    %jmp T_9.1;
T_9.0 ;
    %load/vec4 v0x5584db4f3350_0;
    %load/vec4 v0x5584db4f34f0_0;
    %concat/vec4; draw_concat_vec4
    %load/vec4 v0x5584db4f3690_0;
    %concat/vec4; draw_concat_vec4
    %load/vec4 v0x5584db4f3830_0;
    %concat/vec4; draw_concat_vec4
    %load/vec4 v0x5584db4f3be0_0;
    %concat/vec4; draw_concat_vec4
    %dup/vec4;
    %pushi/vec4 24, 0, 5;
    %cmp/u;
    %jmp/1 T_9.2, 6;
    %dup/vec4;
    %pushi/vec4 6, 0, 5;
    %cmp/u;
    %jmp/1 T_9.3, 6;
    %dup/vec4;
    %pushi/vec4 1, 0, 5;
    %cmp/u;
    %jmp/1 T_9.4, 6;
    %pushi/vec4 0, 0, 25;
    %assign/vec4 v0x5584db4b6950_0, 0;
    %pushi/vec4 0, 0, 25;
    %assign/vec4 v0x5584db4f23c0_0, 0;
    %pushi/vec4 0, 0, 1;
    %assign/vec4 v0x5584db4f3030_0, 0;
    %pushi/vec4 0, 0, 1;
    %assign/vec4 v0x5584db4f31b0_0, 0;
    %jmp T_9.6;
T_9.2 ;
    %load/vec4 v0x5584db4f3270_0;
    %assign/vec4 v0x5584db4b6950_0, 0;
    %load/vec4 v0x5584db4f3410_0;
    %assign/vec4 v0x5584db4f23c0_0, 0;
    %load/vec4 v0x5584db4f3350_0;
    %assign/vec4 v0x5584db4f3030_0, 0;
    %load/vec4 v0x5584db4f34f0_0;
    %assign/vec4 v0x5584db4f31b0_0, 0;
    %jmp T_9.6;
T_9.3 ;
    %load/vec4 v0x5584db4f35b0_0;
    %assign/vec4 v0x5584db4b6950_0, 0;
    %load/vec4 v0x5584db4f3750_0;
    %assign/vec4 v0x5584db4f23c0_0, 0;
    %load/vec4 v0x5584db4f3690_0;
    %assign/vec4 v0x5584db4f3030_0, 0;
    %load/vec4 v0x5584db4f3830_0;
    %assign/vec4 v0x5584db4f31b0_0, 0;
    %jmp T_9.6;
T_9.4 ;
    %load/vec4 v0x5584db4f3b00_0;
    %assign/vec4 v0x5584db4b6950_0, 0;
    %pushi/vec4 0, 0, 25;
    %assign/vec4 v0x5584db4f23c0_0, 0;
    %load/vec4 v0x5584db4f3be0_0;
    %assign/vec4 v0x5584db4f3030_0, 0;
    %pushi/vec4 0, 0, 1;
    %assign/vec4 v0x5584db4f31b0_0, 0;
    %jmp T_9.6;
T_9.6 ;
    %pop/vec4 1;
T_9.1 ;
    %jmp T_9;
    .thread T_9;
# The file index is used to find the file name in the following table.
:file_names 3;
    "N/A";
    "<interactive>";
    "WRITE_BACK.v";
